<?xml version="1.0" encoding="UTF-8"?>
<!-- Generated by org.testng.reporters.JUnitReportReporter -->
<testsuite hostname="SMPC057" failures="0" tests="1" name="crmScript.TC_Login_001" time="34.994" errors="0" timestamp="2023-01-19T16:40:42 IST" skipped="0">
  <testcase classname="crmScript.TC_Login_001" name="testcase1" time="34.994"/>
  <system-out/>
</testsuite> <!-- crmScript.TC_Login_001 -->
