<?xml version="1.0" encoding="UTF-8"?>
<!-- Generated by org.testng.reporters.JUnitReportReporter -->
<testsuite hostname="SMPC057" failures="0" tests="1" name="crmPages.Login" time="0.007" errors="0" timestamp="2023-01-18T18:48:45 IST" skipped="0">
  <testcase classname="crmPages.Login" name="tc1" time="0.007"/>
  <system-out/>
</testsuite> <!-- crmPages.Login -->
